#
# There is insufficient memory for the Java Runtime Environment to continue.
# Native memory allocation (malloc) failed to allocate 32744 bytes for ChunkPool::allocate
# Possible reasons:
#   The system is out of physical RAM or swap space
#   The process is running with CompressedOops enabled, and the Java Heap may be blocking the growth of the native heap
# Possible solutions:
#   Reduce memory load on the system
#   Increase physical memory or swap space
#   Check if swap backing store is full
#   Decrease Java heap size (-Xmx/-Xms)
#   Decrease number of Java threads
#   Decrease Java thread stack sizes (-Xss)
#   Set larger code cache with -XX:ReservedCodeCacheSize=
#   JVM is running with Unscaled Compressed Oops mode in which the Java heap is
#     placed in the first 4GB address space. The Java Heap base address is the
#     maximum limit for the native heap growth. Please use -XX:HeapBaseMinAddress
#     to set the Java Heap base and to place the Java Heap above 4GB virtual address.
# This output file may be truncated or incomplete.
#
#  Out of Memory Error (allocation.cpp:272), pid=6920, tid=0x0000000000001b24
#
# JRE version: OpenJDK Runtime Environment (Zulu 8.68.0.21-CA-win64) (8.0_362-b09) (build 1.8.0_362-b09)
# Java VM: OpenJDK 64-Bit Server VM (25.362-b09 mixed mode windows-amd64 compressed oops)
# Failed to write core dump. Minidumps are not enabled by default on client versions of Windows
#

---------------  T H R E A D  ---------------

Current thread (0x000002cac4aae000):  JavaThread "C2 CompilerThread0" daemon [_thread_in_vm, id=6948, stack(0x000000e942c00000,0x000000e942d00000)]

Stack: [0x000000e942c00000,0x000000e942d00000]
[error occurred during error reporting (printing stack bounds), id 0xc0000005]

Native frames: (J=compiled Java code, j=interpreted, Vv=VM code, C=native code)


Current CompileTask:
C2:  32006 3505       4       java.util.regex.Pattern$Curly::match (86 bytes)


---------------  P R O C E S S  ---------------

Java Threads: ( => current thread )
  0x000002cac8c7f000 JavaThread "Okio Watchdog" daemon [_thread_blocked, id=5160, stack(0x000000e943c00000,0x000000e943d00000)]
  0x000002cac7c3b000 JavaThread "OkHttp ConnectionPool" daemon [_thread_blocked, id=3296, stack(0x000000e943b00000,0x000000e943c00000)]
  0x000002cac4ca3000 JavaThread "ForkJoinPool.commonPool-worker-2" daemon [_thread_blocked, id=8408, stack(0x000000e943900000,0x000000e943a00000)]
  0x000002caca128800 JavaThread "ForkJoinPool.commonPool-worker-1" daemon [_thread_blocked, id=12264, stack(0x000000e943800000,0x000000e943900000)]
  0x000002cac9911000 JavaThread "Exec Stream Pumper" daemon [_thread_in_native, id=10900, stack(0x000000e943600000,0x000000e943700000)]
  0x000002cac92d0000 JavaThread "Exec Stream Pumper" daemon [_thread_in_native, id=19788, stack(0x000000e943500000,0x000000e943600000)]
  0x000002cac7695000 JavaThread "UrlChecker-2" daemon [_thread_blocked, id=6020, stack(0x000000e943300000,0x000000e943400000)]
  0x000002cac99ce800 JavaThread "Exec Default Executor" daemon [_thread_in_native, id=17316, stack(0x000000e943200000,0x000000e943300000)]
  0x000002cac4c60800 JavaThread "Service Thread" daemon [_thread_blocked, id=9836, stack(0x000000e943000000,0x000000e943100000)]
  0x000002cac4ab1800 JavaThread "C1 CompilerThread3" daemon [_thread_blocked, id=21080, stack(0x000000e942f00000,0x000000e943000000)]
  0x000002cac4aaf800 JavaThread "C2 CompilerThread2" daemon [_thread_in_native, id=18448, stack(0x000000e942e00000,0x000000e942f00000)]
  0x000002cac4aae800 JavaThread "C2 CompilerThread1" daemon [_thread_blocked, id=16568, stack(0x000000e942d00000,0x000000e942e00000)]
=>0x000002cac4aae000 JavaThread "C2 CompilerThread0" daemon [_thread_in_vm, id=6948, stack(0x000000e942c00000,0x000000e942d00000)]
  0x000002cac4a92800 JavaThread "Attach Listener" daemon [_thread_blocked, id=15592, stack(0x000000e942b00000,0x000000e942c00000)]
  0x000002cac4b2a800 JavaThread "Signal Dispatcher" daemon [_thread_blocked, id=1312, stack(0x000000e942a00000,0x000000e942b00000)]
  0x000002cac2a28000 JavaThread "Finalizer" daemon [_thread_blocked, id=9200, stack(0x000000e942900000,0x000000e942a00000)]
  0x000002cac2a21000 JavaThread "Reference Handler" daemon [_thread_blocked, id=7776, stack(0x000000e942800000,0x000000e942900000)]
  0x000002caac634000 JavaThread "Forwarding executeScript on session a94e0f8a1af1c31eefe7f0157a492962 to remote" [_thread_in_native, id=1512, stack(0x000000e941e00000,0x000000e941f00000)]

Other Threads:
  0x000002cac29f8000 VMThread [stack: 0x000000e942700000,0x000000e942800000] [id=14444]
  0x000002cac4b4e800 WatcherThread [stack: 0x000000e943100000,0x000000e943200000] [id=20248]

VM state:not at safepoint (normal execution)

VM Mutex/Monitor currently owned by a thread: None

heap address: 0x0000000080000000, size: 2048 MB, Compressed Oops mode: 32-bit
Narrow klass base: 0x0000000000000000, Narrow klass shift: 3
Compressed class space size: 1073741824 Address: 0x0000000100000000

Heap:
 PSYoungGen      total 152576K, used 94475K [0x00000000d5580000, 0x00000000df480000, 0x0000000100000000)
  eden space 144896K, 59% used [0x00000000d5580000,0x00000000daa5e938,0x00000000de300000)
  from space 7680K, 98% used [0x00000000ded00000,0x00000000df464438,0x00000000df480000)
  to   space 8704K, 0% used [0x00000000de380000,0x00000000de380000,0x00000000dec00000)
 ParOldGen       total 32768K, used 15152K [0x0000000080000000, 0x0000000082000000, 0x00000000d5580000)
  object space 32768K, 46% used [0x0000000080000000,0x0000000080ecc078,0x0000000082000000)
 Metaspace       used 31910K, capacity 32876K, committed 33024K, reserved 1079296K
  class space    used 3773K, capacity 4064K, committed 4096K, reserved 1048576K

Card table byte_map: [0x000002cabd2b0000,0x000002cabd6c0000] byte_map_base: 0x000002cabceb0000

Marking Bits: (ParMarkBitMap*) 0x00000000773c5390
 Begin Bits: [0x000002cabd970000, 0x000002cabf970000)
 End Bits:   [0x000002cabf970000, 0x000002cac1970000)

Polling page: 0x000002caadec0000

CodeCache: size=245760Kb used=12258Kb max_used=12880Kb free=233501Kb
 bounds [0x000002caadef0000, 0x000002caaeb90000, 0x000002cabcef0000]
 total_blobs=3819 nmethods=3117 adapters=611
 compilation: enabled

Compilation events (10 events):
Event: 31.656 Thread 0x000002cac4aaf800 3500       4       groovy.lang.MetaClassImpl$1MOPIter::methodNameAction (479 bytes)
Event: 31.656 Thread 0x000002cac4ab1800 nmethod 3499 0x000002caae447e10 code [0x000002caae447f80, 0x000002caae448238]
Event: 31.665 Thread 0x000002cac4ab1800 3501       3       groovy.lang.GroovyClassLoader$1::loadGroovySource (16 bytes)
Event: 31.665 Thread 0x000002cac4ab1800 nmethod 3501 0x000002caae447790 code [0x000002caae447920, 0x000002caae447cd0]
Event: 31.665 Thread 0x000002cac4ab1800 3502       3       groovy.lang.GroovyClassLoader$1$1::<init> (15 bytes)
Event: 31.665 Thread 0x000002cac4ab1800 nmethod 3502 0x000002caae447390 code [0x000002caae4474e0, 0x000002caae4476b8]
Event: 31.672 Thread 0x000002cac4ab1800 3503       3       org.dom4j.tree.DefaultElement::element (115 bytes)
Event: 31.673 Thread 0x000002cac4ab1800 nmethod 3503 0x000002caae454450 code [0x000002caae454660, 0x000002caae4554a0]
Event: 31.674 Thread 0x000002cac4aae800 3504       4       java.util.regex.Matcher::matches (10 bytes)
Event: 31.675 Thread 0x000002cac4aae000 3505       4       java.util.regex.Pattern$Curly::match (86 bytes)

GC Heap History (10 events):
Event: 5.780 GC heap before
{Heap before GC invocations=11 (full 1):
 PSYoungGen      total 68096K, used 60416K [0x00000000d5580000, 0x00000000dc200000, 0x0000000100000000)
  eden space 60416K, 100% used [0x00000000d5580000,0x00000000d9080000,0x00000000d9080000)
  from space 7680K, 0% used [0x00000000d9080000,0x00000000d9080000,0x00000000d9800000)
  to   space 7168K, 0% used [0x00000000dbb00000,0x00000000dbb00000,0x00000000dc200000)
 ParOldGen       total 32768K, used 8410K [0x0000000080000000, 0x0000000082000000, 0x00000000d5580000)
  object space 32768K, 25% used [0x0000000080000000,0x0000000080836bd8,0x0000000082000000)
 Metaspace       used 22644K, capacity 23042K, committed 23424K, reserved 1071104K
  class space    used 2502K, capacity 2650K, committed 2688K, reserved 1048576K
Event: 5.784 GC heap after
Heap after GC invocations=11 (full 1):
 PSYoungGen      total 85504K, used 2933K [0x00000000d5580000, 0x00000000dbe00000, 0x0000000100000000)
  eden space 82432K, 0% used [0x00000000d5580000,0x00000000d5580000,0x00000000da600000)
  from space 3072K, 95% used [0x00000000dbb00000,0x00000000dbddd5e0,0x00000000dbe00000)
  to   space 7168K, 0% used [0x00000000db000000,0x00000000db000000,0x00000000db700000)
 ParOldGen       total 32768K, used 8418K [0x0000000080000000, 0x0000000082000000, 0x00000000d5580000)
  object space 32768K, 25% used [0x0000000080000000,0x0000000080838bd8,0x0000000082000000)
 Metaspace       used 22644K, capacity 23042K, committed 23424K, reserved 1071104K
  class space    used 2502K, capacity 2650K, committed 2688K, reserved 1048576K
}
Event: 6.212 GC heap before
{Heap before GC invocations=12 (full 1):
 PSYoungGen      total 85504K, used 85365K [0x00000000d5580000, 0x00000000dbe00000, 0x0000000100000000)
  eden space 82432K, 100% used [0x00000000d5580000,0x00000000da600000,0x00000000da600000)
  from space 3072K, 95% used [0x00000000dbb00000,0x00000000dbddd5e0,0x00000000dbe00000)
  to   space 7168K, 0% used [0x00000000db000000,0x00000000db000000,0x00000000db700000)
 ParOldGen       total 32768K, used 8418K [0x0000000080000000, 0x0000000082000000, 0x00000000d5580000)
  object space 32768K, 25% used [0x0000000080000000,0x0000000080838bd8,0x0000000082000000)
 Metaspace       used 22905K, capacity 23234K, committed 23424K, reserved 1071104K
  class space    used 2510K, capacity 2650K, committed 2688K, reserved 1048576K
Event: 6.215 GC heap after
Heap after GC invocations=12 (full 1):
 PSYoungGen      total 99840K, used 449K [0x00000000d5580000, 0x00000000dd080000, 0x0000000100000000)
  eden space 92672K, 0% used [0x00000000d5580000,0x00000000d5580000,0x00000000db000000)
  from space 7168K, 6% used [0x00000000db000000,0x00000000db0705d0,0x00000000db700000)
  to   space 7680K, 0% used [0x00000000dc900000,0x00000000dc900000,0x00000000dd080000)
 ParOldGen       total 32768K, used 10563K [0x0000000080000000, 0x0000000082000000, 0x00000000d5580000)
  object space 32768K, 32% used [0x0000000080000000,0x0000000080a50c38,0x0000000082000000)
 Metaspace       used 22905K, capacity 23234K, committed 23424K, reserved 1071104K
  class space    used 2510K, capacity 2650K, committed 2688K, reserved 1048576K
}
Event: 7.102 GC heap before
{Heap before GC invocations=13 (full 1):
 PSYoungGen      total 99840K, used 93121K [0x00000000d5580000, 0x00000000dd080000, 0x0000000100000000)
  eden space 92672K, 100% used [0x00000000d5580000,0x00000000db000000,0x00000000db000000)
  from space 7168K, 6% used [0x00000000db000000,0x00000000db0705d0,0x00000000db700000)
  to   space 7680K, 0% used [0x00000000dc900000,0x00000000dc900000,0x00000000dd080000)
 ParOldGen       total 32768K, used 10563K [0x0000000080000000, 0x0000000082000000, 0x00000000d5580000)
  object space 32768K, 32% used [0x0000000080000000,0x0000000080a50c38,0x0000000082000000)
 Metaspace       used 23400K, capacity 23780K, committed 24064K, reserved 1071104K
  class space    used 2573K, capacity 2724K, committed 2816K, reserved 1048576K
Event: 7.117 GC heap after
Heap after GC invocations=13 (full 1):
 PSYoungGen      total 118272K, used 4448K [0x00000000d5580000, 0x00000000dde00000, 0x0000000100000000)
  eden space 110592K, 0% used [0x00000000d5580000,0x00000000d5580000,0x00000000dc180000)
  from space 7680K, 57% used [0x00000000dc900000,0x00000000dcd58000,0x00000000dd080000)
  to   space 7680K, 0% used [0x00000000dc180000,0x00000000dc180000,0x00000000dc900000)
 ParOldGen       total 32768K, used 10699K [0x0000000080000000, 0x0000000082000000, 0x00000000d5580000)
  object space 32768K, 32% used [0x0000000080000000,0x0000000080a72c58,0x0000000082000000)
 Metaspace       used 23400K, capacity 23780K, committed 24064K, reserved 1071104K
  class space    used 2573K, capacity 2724K, committed 2816K, reserved 1048576K
}
Event: 8.655 GC heap before
{Heap before GC invocations=14 (full 1):
 PSYoungGen      total 118272K, used 115040K [0x00000000d5580000, 0x00000000dde00000, 0x0000000100000000)
  eden space 110592K, 100% used [0x00000000d5580000,0x00000000dc180000,0x00000000dc180000)
  from space 7680K, 57% used [0x00000000dc900000,0x00000000dcd58000,0x00000000dd080000)
  to   space 7680K, 0% used [0x00000000dc180000,0x00000000dc180000,0x00000000dc900000)
 ParOldGen       total 32768K, used 10699K [0x0000000080000000, 0x0000000082000000, 0x00000000d5580000)
  object space 32768K, 32% used [0x0000000080000000,0x0000000080a72c58,0x0000000082000000)
 Metaspace       used 24805K, capacity 25168K, committed 25472K, reserved 1071104K
  class space    used 2803K, capacity 2932K, committed 2944K, reserved 1048576K
Event: 8.675 GC heap after
Heap after GC invocations=14 (full 1):
 PSYoungGen      total 118272K, used 1920K [0x00000000d5580000, 0x00000000df480000, 0x0000000100000000)
  eden space 110592K, 0% used [0x00000000d5580000,0x00000000d5580000,0x00000000dc180000)
  from space 7680K, 25% used [0x00000000dc180000,0x00000000dc360000,0x00000000dc900000)
  to   space 7680K, 0% used [0x00000000ded00000,0x00000000ded00000,0x00000000df480000)
 ParOldGen       total 32768K, used 14770K [0x0000000080000000, 0x0000000082000000, 0x00000000d5580000)
  object space 32768K, 45% used [0x0000000080000000,0x0000000080e6c850,0x0000000082000000)
 Metaspace       used 24805K, capacity 25168K, committed 25472K, reserved 1071104K
  class space    used 2803K, capacity 2932K, committed 2944K, reserved 1048576K
}
Event: 28.294 GC heap before
{Heap before GC invocations=15 (full 1):
 PSYoungGen      total 118272K, used 112512K [0x00000000d5580000, 0x00000000df480000, 0x0000000100000000)
  eden space 110592K, 100% used [0x00000000d5580000,0x00000000dc180000,0x00000000dc180000)
  from space 7680K, 25% used [0x00000000dc180000,0x00000000dc360000,0x00000000dc900000)
  to   space 7680K, 0% used [0x00000000ded00000,0x00000000ded00000,0x00000000df480000)
 ParOldGen       total 32768K, used 14770K [0x0000000080000000, 0x0000000082000000, 0x00000000d5580000)
  object space 32768K, 45% used [0x0000000080000000,0x0000000080e6c850,0x0000000082000000)
 Metaspace       used 31442K, capacity 32360K, committed 32512K, reserved 1077248K
  class space    used 3727K, capacity 3981K, committed 4096K, reserved 1048576K
Event: 28.400 GC heap after
Heap after GC invocations=15 (full 1):
 PSYoungGen      total 152576K, used 7569K [0x00000000d5580000, 0x00000000df480000, 0x0000000100000000)
  eden space 144896K, 0% used [0x00000000d5580000,0x00000000d5580000,0x00000000de300000)
  from space 7680K, 98% used [0x00000000ded00000,0x00000000df464438,0x00000000df480000)
  to   space 8704K, 0% used [0x00000000de380000,0x00000000de380000,0x00000000dec00000)
 ParOldGen       total 32768K, used 15152K [0x0000000080000000, 0x0000000082000000, 0x00000000d5580000)
  object space 32768K, 46% used [0x0000000080000000,0x0000000080ecc078,0x0000000082000000)
 Metaspace       used 31442K, capacity 32360K, committed 32512K, reserved 1077248K
  class space    used 3727K, capacity 3981K, committed 4096K, reserved 1048576K
}

Deoptimization events (10 events):
Event: 13.281 Thread 0x000002caac634000 Uncommon trap: reason=unstable_if action=reinterpret pc=0x000002caae001f68 method=java.util.regex.Pattern$BmpCharProperty.match(Ljava/util/regex/Matcher;ILjava/lang/CharSequence;)Z @ 34
Event: 13.375 Thread 0x000002caac634000 Uncommon trap: reason=class_check action=maybe_recompile pc=0x000002caae01dbcc method=java.util.HashSet.contains(Ljava/lang/Object;)Z @ 5
Event: 13.376 Thread 0x000002caac634000 Uncommon trap: reason=class_check action=maybe_recompile pc=0x000002caae01dbcc method=java.util.HashSet.contains(Ljava/lang/Object;)Z @ 5
Event: 17.565 Thread 0x000002caac634000 Uncommon trap: reason=class_check action=maybe_recompile pc=0x000002caaeab6ac4 method=org.openqa.selenium.json.Input.init()V @ 18
Event: 17.566 Thread 0x000002caac634000 Uncommon trap: reason=class_check action=maybe_recompile pc=0x000002caaeab6ac4 method=org.openqa.selenium.json.Input.init()V @ 18
Event: 17.567 Thread 0x000002caac634000 Uncommon trap: reason=class_check action=maybe_recompile pc=0x000002caaeab6ac4 method=org.openqa.selenium.json.Input.init()V @ 18
Event: 17.567 Thread 0x000002caac634000 Uncommon trap: reason=class_check action=maybe_recompile pc=0x000002caaeab6ac4 method=org.openqa.selenium.json.Input.init()V @ 18
Event: 17.773 Thread 0x000002caac634000 Uncommon trap: reason=bimorphic action=maybe_recompile pc=0x000002caae5e46a0 method=java.util.HashMap.putVal(ILjava/lang/Object;Ljava/lang/Object;ZZ)Ljava/lang/Object; @ 203
Event: 17.783 Thread 0x000002caac634000 Uncommon trap: reason=bimorphic action=maybe_recompile pc=0x000002caae5e46a0 method=java.util.HashMap.putVal(ILjava/lang/Object;Ljava/lang/Object;ZZ)Ljava/lang/Object; @ 203
Event: 17.783 Thread 0x000002caac634000 Uncommon trap: reason=bimorphic action=maybe_recompile pc=0x000002caae5e46a0 method=java.util.HashMap.putVal(ILjava/lang/Object;Ljava/lang/Object;ZZ)Ljava/lang/Object; @ 203

Classes redefined (0 events):
No events

Internal exceptions (10 events):
Event: 31.622 Thread 0x000002caac634000 Exception <a 'java/security/PrivilegedActionException'> (0x00000000da16b690) thrown at [C:\jenkins\workspace\zulu-platform-build\zulu-src.git\hotspot\src\share\vm\prims\jvm.cpp, line 1514]
Event: 31.622 Thread 0x000002caac634000 Exception <a 'java/security/PrivilegedActionException'> (0x00000000da16be58) thrown at [C:\jenkins\workspace\zulu-platform-build\zulu-src.git\hotspot\src\share\vm\prims\jvm.cpp, line 1514]
Event: 31.622 Thread 0x000002caac634000 Exception <a 'java/security/PrivilegedActionException'> (0x00000000da17ed50) thrown at [C:\jenkins\workspace\zulu-platform-build\zulu-src.git\hotspot\src\share\vm\prims\jvm.cpp, line 1514]
Event: 31.622 Thread 0x000002caac634000 Exception <a 'java/security/PrivilegedActionException'> (0x00000000da17f518) thrown at [C:\jenkins\workspace\zulu-platform-build\zulu-src.git\hotspot\src\share\vm\prims\jvm.cpp, line 1514]
Event: 31.643 Thread 0x000002caac634000 Exception <a 'java/security/PrivilegedActionException'> (0x00000000da3a8730) thrown at [C:\jenkins\workspace\zulu-platform-build\zulu-src.git\hotspot\src\share\vm\prims\jvm.cpp, line 1514]
Event: 31.643 Thread 0x000002caac634000 Exception <a 'java/security/PrivilegedActionException'> (0x00000000da3a8ef8) thrown at [C:\jenkins\workspace\zulu-platform-build\zulu-src.git\hotspot\src\share\vm\prims\jvm.cpp, line 1514]
Event: 31.644 Thread 0x000002caac634000 Exception <a 'java/security/PrivilegedActionException'> (0x00000000da3bc718) thrown at [C:\jenkins\workspace\zulu-platform-build\zulu-src.git\hotspot\src\share\vm\prims\jvm.cpp, line 1514]
Event: 31.644 Thread 0x000002caac634000 Exception <a 'java/security/PrivilegedActionException'> (0x00000000da3bcee0) thrown at [C:\jenkins\workspace\zulu-platform-build\zulu-src.git\hotspot\src\share\vm\prims\jvm.cpp, line 1514]
Event: 31.663 Thread 0x000002caac634000 Exception <a 'java/lang/ClassNotFoundException': Script1BeanInfo> (0x00000000da595f90) thrown at [C:\jenkins\workspace\zulu-platform-build\zulu-src.git\hotspot\src\share\vm\classfile\systemDictionary.cpp, line 220]
Event: 31.671 Thread 0x000002caac634000 Exception <a 'java/lang/ClassNotFoundException': Script1Customizer> (0x00000000da628000) thrown at [C:\jenkins\workspace\zulu-platform-build\zulu-src.git\hotspot\src\share\vm\classfile\systemDictionary.cpp, line 220]

Events (10 events):
Event: 31.658 loading class Script1BeanInfo
Event: 31.658 loading class Script1BeanInfo done
Event: 31.663 loading class Script1BeanInfo
Event: 31.663 loading class Script1BeanInfo done
Event: 31.664 loading class Script1Customizer
Event: 31.664 loading class Script1Customizer done
Event: 31.667 loading class Script1Customizer
Event: 31.667 loading class Script1Customizer done
Event: 31.671 loading class Script1Customizer
Event: 31.671 loading class Script1Customizer done


Dynamic libraries:
0x00007ff75ecb0000 - 0x00007ff75ed01000 	C:\Users\USER\.katalon\packages\Katalon_Studio_Windows_64-8.6.5\Katalon_Studio_Windows_64-8.6.5\jre\bin\javaw.exe
0x00007ffe494d0000 - 0x00007ffe496c8000 	C:\Windows\SYSTEM32\ntdll.dll
0x00007ffe47530000 - 0x00007ffe475ed000 	C:\Windows\System32\KERNEL32.DLL
0x00007ffe47220000 - 0x00007ffe47516000 	C:\Windows\System32\KERNELBASE.dll
0x00007ffe48830000 - 0x00007ffe488e3000 	C:\Windows\System32\ADVAPI32.dll
0x00007ffe47b90000 - 0x00007ffe47c2e000 	C:\Windows\System32\msvcrt.dll
0x00007ffe482d0000 - 0x00007ffe4836f000 	C:\Windows\System32\sechost.dll
0x00007ffe47c60000 - 0x00007ffe47d86000 	C:\Windows\System32\RPCRT4.dll
0x00007ffe47170000 - 0x00007ffe47197000 	C:\Windows\System32\bcrypt.dll
0x00007ffe48b10000 - 0x00007ffe48cae000 	C:\Windows\System32\USER32.dll
0x00007ffe471a0000 - 0x00007ffe471c2000 	C:\Windows\System32\win32u.dll
0x00007ffe485f0000 - 0x00007ffe4861c000 	C:\Windows\System32\GDI32.dll
0x00007ffe46eb0000 - 0x00007ffe46fca000 	C:\Windows\System32\gdi32full.dll
0x00007ffe470d0000 - 0x00007ffe4716d000 	C:\Windows\System32\msvcp_win.dll
0x00007ffe46fd0000 - 0x00007ffe470d0000 	C:\Windows\System32\ucrtbase.dll
0x00007ffe255c0000 - 0x00007ffe2585a000 	C:\Windows\WinSxS\amd64_microsoft.windows.common-controls_6595b64144ccf1df_6.0.19041.3636_none_60b6a03d71f818d5\COMCTL32.dll
0x00007ffe47c30000 - 0x00007ffe47c60000 	C:\Windows\System32\IMM32.DLL
0x0000000076bd0000 - 0x0000000077440000 	C:\Users\USER\.katalon\packages\Katalon_Studio_Windows_64-8.6.5\Katalon_Studio_Windows_64-8.6.5\jre\bin\server\jvm.dll
0x00007ffe48370000 - 0x00007ffe48378000 	C:\Windows\System32\PSAPI.DLL
0x00007ffe2eeb0000 - 0x00007ffe2eec9000 	C:\Windows\SYSTEM32\VCRUNTIME140.dll
0x00007ffe3f8c0000 - 0x00007ffe3f8ca000 	C:\Windows\SYSTEM32\VERSION.dll
0x00007ffe2af90000 - 0x00007ffe2afb7000 	C:\Windows\SYSTEM32\WINMM.dll
0x00007ffe2b340000 - 0x00007ffe2b349000 	C:\Windows\SYSTEM32\WSOCK32.dll
0x00007ffe488f0000 - 0x00007ffe4895b000 	C:\Windows\System32\WS2_32.dll
0x00007ffe453d0000 - 0x00007ffe453e2000 	C:\Windows\SYSTEM32\kernel.appcore.dll
0x00007ffe44000000 - 0x00007ffe44010000 	C:\Users\USER\.katalon\packages\Katalon_Studio_Windows_64-8.6.5\Katalon_Studio_Windows_64-8.6.5\jre\bin\verify.dll
0x00007ffe300c0000 - 0x00007ffe300eb000 	C:\Users\USER\.katalon\packages\Katalon_Studio_Windows_64-8.6.5\Katalon_Studio_Windows_64-8.6.5\jre\bin\java.dll
0x00007ffe30310000 - 0x00007ffe30328000 	C:\Users\USER\.katalon\packages\Katalon_Studio_Windows_64-8.6.5\Katalon_Studio_Windows_64-8.6.5\jre\bin\zip.dll
0x00007ffe48cb0000 - 0x00007ffe493f5000 	C:\Windows\System32\SHELL32.dll
0x00007ffe44c30000 - 0x00007ffe453cb000 	C:\Windows\SYSTEM32\windows.storage.dll
0x00007ffe475f0000 - 0x00007ffe47944000 	C:\Windows\System32\combase.dll
0x00007ffe465d0000 - 0x00007ffe465fd000 	C:\Windows\SYSTEM32\Wldp.dll
0x00007ffe47950000 - 0x00007ffe479fd000 	C:\Windows\System32\SHCORE.dll
0x00007ffe489e0000 - 0x00007ffe48a35000 	C:\Windows\System32\shlwapi.dll
0x00007ffe46ad0000 - 0x00007ffe46af5000 	C:\Windows\SYSTEM32\profapi.dll
0x00007ffe300a0000 - 0x00007ffe300bc000 	C:\Users\USER\.katalon\packages\Katalon_Studio_Windows_64-8.6.5\Katalon_Studio_Windows_64-8.6.5\jre\bin\net.dll
0x00007ffe46330000 - 0x00007ffe4639a000 	C:\Windows\system32\mswsock.dll
0x00007ffe30080000 - 0x00007ffe30093000 	C:\Users\USER\.katalon\packages\Katalon_Studio_Windows_64-8.6.5\Katalon_Studio_Windows_64-8.6.5\jre\bin\nio.dll
0x00007ffe46010000 - 0x00007ffe460da000 	C:\Windows\SYSTEM32\DNSAPI.dll
0x00007ffe45fd0000 - 0x00007ffe4600b000 	C:\Windows\SYSTEM32\IPHLPAPI.DLL
0x00007ffe47520000 - 0x00007ffe47528000 	C:\Windows\System32\NSI.dll
0x00007ffe37a00000 - 0x00007ffe37a0a000 	C:\Windows\System32\rasadhlp.dll
0x00007ffe31750000 - 0x00007ffe317d0000 	C:\Windows\System32\fwpuclnt.dll
0x00007ffe2fc60000 - 0x00007ffe2fc84000 	C:\Users\USER\.katalon\packages\Katalon_Studio_Windows_64-8.6.5\Katalon_Studio_Windows_64-8.6.5\jre\bin\sunec.dll
0x00007ffe3ba40000 - 0x00007ffe3ba4d000 	C:\Users\USER\.katalon\packages\Katalon_Studio_Windows_64-8.6.5\Katalon_Studio_Windows_64-8.6.5\jre\bin\sunmscapi.dll
0x00007ffe46ce0000 - 0x00007ffe46e3d000 	C:\Windows\System32\CRYPT32.dll
0x00007ffe46640000 - 0x00007ffe46668000 	C:\Windows\SYSTEM32\ncrypt.dll
0x00007ffe46600000 - 0x00007ffe4663b000 	C:\Windows\SYSTEM32\NTASN1.dll
0x00007ffe46530000 - 0x00007ffe46548000 	C:\Windows\SYSTEM32\CRYPTSP.dll
0x00007ffe45bf0000 - 0x00007ffe45c24000 	C:\Windows\system32\rsaenh.dll
0x00007ffe46a50000 - 0x00007ffe46a7e000 	C:\Windows\SYSTEM32\USERENV.dll
0x00007ffe46c50000 - 0x00007ffe46cd2000 	C:\Windows\System32\bcryptprimitives.dll
0x00007ffe46520000 - 0x00007ffe4652c000 	C:\Windows\SYSTEM32\CRYPTBASE.dll
0x00007ffe3f370000 - 0x00007ffe3f387000 	C:\Windows\SYSTEM32\dhcpcsvc6.DLL
0x00007ffe3f860000 - 0x00007ffe3f87d000 	C:\Windows\SYSTEM32\dhcpcsvc.DLL

VM Arguments:
jvm_args: -Dgroovy.home=C:\Users\USER/.groovy -Djava.system.class.loader=groovy.lang.GroovyClassLoader -Xmx2048m -Dfile.encoding=UTF-8 
java_command: org.codehaus.groovy.tools.GroovyStarter --classpath F:\bootcamp\DEMO-QA\Alerts Frame and Windows\bin\keyword;F:\bootcamp\DEMO-QA\Alerts Frame and Windows\Keywords;F:\bootcamp\DEMO-QA\Alerts Frame and Windows\bin\listener;F:\bootcamp\DEMO-QA\Alerts Frame and Windows\Test Listeners;F:\bootcamp\DEMO-QA\Alerts Frame and Windows\bin\lib;F:\bootcamp\DEMO-QA\Alerts Frame and Windows\Libs;F:\bootcamp\DEMO-QA\Alerts Frame and Windows\bin\groovy;F:\bootcamp\DEMO-QA\Alerts Frame and Windows\Include\scripts\groovy;C:\Users\USER\.katalon\packages\Katalon_Studio_Windows_64-8.6.5\Katalon_Studio_Windows_64-8.6.5\plugins\com.kms.katalon.core_1.0.0.202305240718.jar;C:\Users\USER\.katalon\packages\Katalon_Studio_Windows_64-8.6.5\Katalon_Studio_Windows_64-8.6.5\configuration\resources\lib\aalto-xml-1.0.0.jar;C:\Users\USER\.katalon\packages\Katalon_Studio_Windows_64-8.6.5\Katalon_Studio_Windows_64-8.6.5\configuration\resources\lib\aspectjweaver-1.9.1.jar;C:\Users\USER\.katalon\packages\Katalon_Studio_Windows_64-8.6.5\Katalon_Studio_Windows_64-8.6.5\configuration\resources\lib\bcpkix-jdk15on-1.64.jar;C:\Users\USER\.katalon\packages\Katalon_Studio_Windows_64-8.6.5\Katalon_Studio_Windows_64-8.6.5\configuration\resources\lib\bcprov-jdk15on-1.64.jar;C:\Users\USER\.katalon\packages\Katalon_Studio_Windows_64-8.6.5\Katalon_Studio_Windows_64-8.6.5\configuration\resources\lib\browsermob-core-2.1.5.jar;C:\Users\USER\.katalon\packages\Katalon_Studio_Windows_64-8.6.5\Katalon_Studio_Windows_64-8.6.5\configuration\resources\lib\cglib-3.2.10.jar;C:\Users\USER\.katalon\packages\Katalon_Studio_Windows_64-8.6.5\Katalon_Studio_Windows_64-8.6.5\configuration\resources\lib\commons-codec-1.10.jar;C:\Users\USER\.katalon\packages\Katalon_Studio_Windows_64-8.6.5\Katalon_Studio_Windows_64-8.6.5\configuration\resources\lib\commons-collections4-4.1.jar;C:\Users\USER\.katalon\packages\Katalon_Studio_Windows_64-8.6.5\Katalon_Studio_Windows_64-8.6.5\configuration\resources\lib\commons-validator-1.6.jar
java_class_path (initial): F:\bootcamp\DEMO-QA\Alerts Frame and Windows\bin\keyword;F:\bootcamp\DEMO-QA\Alerts Frame and Windows\bin\listener;F:\bootcamp\DEMO-QA\Alerts Frame and Windows\bin\lib;F:\bootcamp\DEMO-QA\Alerts Frame and Windows\bin\groovy;F:\bootcamp\DEMO-QA\Alerts Frame and Windows\bin;C:\Users\USER\.katalon\packages\Katalon_Studio_Windows_64-8.6.5\Katalon_Studio_Windows_64-8.6.5\plugins\com.kms.katalon.core_1.0.0.202305240718.jar;C:\Users\USER\.katalon\packages\Katalon_Studio_Windows_64-8.6.5\Katalon_Studio_Windows_64-8.6.5\configuration\resources\lib\aalto-xml-1.0.0.jar;C:\Users\USER\.katalon\packages\Katalon_Studio_Windows_64-8.6.5\Katalon_Studio_Windows_64-8.6.5\configuration\resources\lib\aspectjweaver-1.9.1.jar;C:\Users\USER\.katalon\packages\Katalon_Studio_Windows_64-8.6.5\Katalon_Studio_Windows_64-8.6.5\configuration\resources\lib\bcpkix-jdk15on-1.64.jar;C:\Users\USER\.katalon\packages\Katalon_Studio_Windows_64-8.6.5\Katalon_Studio_Windows_64-8.6.5\configuration\resources\lib\bcprov-jdk15on-1.64.jar;C:\Users\USER\.katalon\packages\Katalon_Studio_Windows_64-8.6.5\Katalon_Studio_Windows_64-8.6.5\configuration\resources\lib\browsermob-core-2.1.5.jar;C:\Users\USER\.katalon\packages\Katalon_Studio_Windows_64-8.6.5\Katalon_Studio_Windows_64-8.6.5\configuration\resources\lib\cglib-3.2.10.jar;C:\Users\USER\.katalon\packages\Katalon_Studio_Windows_64-8.6.5\Katalon_Studio_Windows_64-8.6.5\configuration\resources\lib\commons-codec-1.10.jar;C:\Users\USER\.katalon\packages\Katalon_Studio_Windows_64-8.6.5\Katalon_Studio_Windows_64-8.6.5\configuration\resources\lib\commons-collections4-4.1.jar;C:\Users\USER\.katalon\packages\Katalon_Studio_Windows_64-8.6.5\Katalon_Studio_Windows_64-8.6.5\configuration\resources\lib\commons-validator-1.6.jar;C:\Users\USER\.katalon\packages\Katalon_Studio_Windows_64-8.6.5\Katalon_Studio_Windows_64-8.6.5\configuration\resources\lib\curvesapi-1.04.jar;C:\Users\USER\.katalon\packages\Katalon_Studio_Windows_64-8.6.5\Katalon_Studio
Launcher Type: SUN_STANDARD

Environment Variables:
JAVA_HOME=C:\Program Files\Java\jdk-17
PATH=C:/Users/USER/.katalon/packages/Katalon_Studio_Windows_64-8.6.5/Katalon_Studio_Windows_64-8.6.5/jre/bin/server;C:/Users/USER/.katalon/packages/Katalon_Studio_Windows_64-8.6.5/Katalon_Studio_Windows_64-8.6.5/jre/bin;C:/Users/USER/.katalon/packages/Katalon_Studio_Windows_64-8.6.5/Katalon_Studio_Windows_64-8.6.5/jre/lib/amd64;C:\Program Files\Java\jdk-17\bin;C:\Windows\system32;C:\Windows;C:\Windows\System32\Wbem;C:\Windows\System32\WindowsPowerShell\v1.0\;C:\Windows\System32\OpenSSH\;C:\Program Files (x86)\NVIDIA Corporation\PhysX\Common;C:\Program Files\NVIDIA Corporation\NVIDIA NvDLISR;C:\Program Files\Git\cmd;C:\Program Files\nodejs\;C:\Users\USER\AppData\Local\Programs\Python\Python312\Scripts\;C:\Users\USER\AppData\Local\Programs\Python\Python312\;C:\Program Files\MySQL\MySQL Shell 8.0\bin\;C:\Users\USER\AppData\Local\Microsoft\WindowsApps;C:\Users\USER\AppData\Local\Programs\Microsoft VS Code\bin;C:\Program Files\JetBrains\IntelliJ IDEA Community Edition 2023.1.3\bin;;C:\Users\USER\AppData\Local\GitHubDesktop\bin;C:\Users\USER\AppData\Roaming\npm;C:\Users\USER\.katalon\packages\Katalon_Studio_Windows_64-8.6.5\Katalon_Studio_Windows_64-8.6.5;
USERNAME=USER
OS=Windows_NT
PROCESSOR_IDENTIFIER=Intel64 Family 6 Model 142 Stepping 12, GenuineIntel



---------------  S Y S T E M  ---------------

OS: Windows 10 , 64 bit Build 19041 (10.0.19041.3636)

CPU:total 8 (initial active 8) (4 cores per cpu, 2 threads per core) family 6 model 142 stepping 12, cmov, cx8, fxsr, mmx, sse, sse2, sse3, ssse3, sse4.1, sse4.2, popcnt, avx, avx2, aes, clmul, erms, 3dnowpref, lzcnt, ht, tsc, tscinvbit, bmi1, bmi2, adx

Memory: 4k page, physical 3985972k(24632k free), swap 16044596k(2428k free)

vm_info: OpenJDK 64-Bit Server VM (25.362-b09) for windows-amd64 JRE (Zulu 8.68.0.21-CA-win64) (1.8.0_362-b09), built on Jan 19 2023 16:49:02 by "tester" with MS VC++ 15.9 (VS2017)

time: Mon Feb 12 13:16:00 2024
timezone: SE Asia Standard Time
elapsed time: 32.014474 seconds (0d 0h 0m 32s)

