#
# There is insufficient memory for the Java Runtime Environment to continue.
# Native memory allocation (malloc) failed to allocate 32744 bytes for ChunkPool::allocate
# Possible reasons:
#   The system is out of physical RAM or swap space
#   The process is running with CompressedOops enabled, and the Java Heap may be blocking the growth of the native heap
# Possible solutions:
#   Reduce memory load on the system
#   Increase physical memory or swap space
#   Check if swap backing store is full
#   Decrease Java heap size (-Xmx/-Xms)
#   Decrease number of Java threads
#   Decrease Java thread stack sizes (-Xss)
#   Set larger code cache with -XX:ReservedCodeCacheSize=
#   JVM is running with Unscaled Compressed Oops mode in which the Java heap is
#     placed in the first 4GB address space. The Java Heap base address is the
#     maximum limit for the native heap growth. Please use -XX:HeapBaseMinAddress
#     to set the Java Heap base and to place the Java Heap above 4GB virtual address.
# This output file may be truncated or incomplete.
#
#  Out of Memory Error (allocation.cpp:272), pid=3876, tid=0x0000000000002fe0
#
# JRE version: OpenJDK Runtime Environment (Zulu 8.68.0.21-CA-win64) (8.0_362-b09) (build 1.8.0_362-b09)
# Java VM: OpenJDK 64-Bit Server VM (25.362-b09 mixed mode windows-amd64 compressed oops)
# Failed to write core dump. Minidumps are not enabled by default on client versions of Windows
#

---------------  T H R E A D  ---------------

Current thread (0x000001ed9a0b9000):  JavaThread "C2 CompilerThread0" daemon [_thread_in_native, id=12256, stack(0x00000002b6d00000,0x00000002b6e00000)]

Stack: [0x00000002b6d00000,0x00000002b6e00000]
[error occurred during error reporting (printing stack bounds), id 0xc0000005]

Native frames: (J=compiled Java code, j=interpreted, Vv=VM code, C=native code)


Current CompileTask:
C2:   8117 2861   !   4       java.net.URLClassLoader$1::run (81 bytes)


---------------  P R O C E S S  ---------------

Java Threads: ( => current thread )
  0x000001ed9b431000 JavaThread "Okio Watchdog" daemon [_thread_blocked, id=1280, stack(0x00000002b7d00000,0x00000002b7e00000)]
  0x000001ed9c82c000 JavaThread "OkHttp ConnectionPool" daemon [_thread_blocked, id=11912, stack(0x00000002b7c00000,0x00000002b7d00000)]
  0x000001ed9b1ec800 JavaThread "ForkJoinPool.commonPool-worker-3" daemon [_thread_blocked, id=8548, stack(0x00000002b7b00000,0x00000002b7c00000)]
  0x000001ed9b1eb800 JavaThread "ForkJoinPool.commonPool-worker-2" daemon [_thread_blocked, id=21432, stack(0x00000002b7a00000,0x00000002b7b00000)]
  0x000001ed9cb01000 JavaThread "ForkJoinPool.commonPool-worker-1" daemon [_thread_blocked, id=3132, stack(0x00000002b7900000,0x00000002b7a00000)]
  0x000001ed9e123800 JavaThread "Keep-Alive-Timer" daemon [_thread_blocked, id=15740, stack(0x00000002b7800000,0x00000002b7900000)]
  0x000001ed9da25000 JavaThread "Exec Stream Pumper" daemon [_thread_in_native, id=16596, stack(0x00000002b7600000,0x00000002b7700000)]
  0x000001ed9dec6000 JavaThread "Exec Stream Pumper" daemon [_thread_in_native, id=8284, stack(0x00000002b7500000,0x00000002b7600000)]
  0x000001ed9e120800 JavaThread "UrlChecker-2" daemon [_thread_blocked, id=13888, stack(0x00000002b7400000,0x00000002b7500000)]
  0x000001ed9e0ba800 JavaThread "Exec Default Executor" daemon [_thread_in_native, id=11440, stack(0x00000002b7300000,0x00000002b7400000)]
  0x000001ed9a0f8000 JavaThread "Service Thread" daemon [_thread_blocked, id=11980, stack(0x00000002b7100000,0x00000002b7200000)]
  0x000001ed9a0bb800 JavaThread "C1 CompilerThread3" daemon [_thread_blocked, id=2448, stack(0x00000002b7000000,0x00000002b7100000)]
  0x000001ed9a0ba800 JavaThread "C2 CompilerThread2" daemon [_thread_blocked, id=8420, stack(0x00000002b6f00000,0x00000002b7000000)]
  0x000001ed9a0b9800 JavaThread "C2 CompilerThread1" daemon [_thread_in_native, id=16532, stack(0x00000002b6e00000,0x00000002b6f00000)]
=>0x000001ed9a0b9000 JavaThread "C2 CompilerThread0" daemon [_thread_in_native, id=12256, stack(0x00000002b6d00000,0x00000002b6e00000)]
  0x000001ed9a0b0000 JavaThread "Attach Listener" daemon [_thread_blocked, id=20860, stack(0x00000002b6c00000,0x00000002b6d00000)]
  0x000001ed9a0af000 JavaThread "Signal Dispatcher" daemon [_thread_blocked, id=21072, stack(0x00000002b6b00000,0x00000002b6c00000)]
  0x000001ed98053000 JavaThread "Finalizer" daemon [_thread_blocked, id=16268, stack(0x00000002b6a00000,0x00000002b6b00000)]
  0x000001ed98041000 JavaThread "Reference Handler" daemon [_thread_blocked, id=17832, stack(0x00000002b6900000,0x00000002b6a00000)]
  0x000001ed81b02800 JavaThread "Forwarding newSession on session null to remote" [_thread_in_native, id=3424, stack(0x00000002b5f00000,0x00000002b6000000)]

Other Threads:
  0x000001ed98017800 VMThread [stack: 0x00000002b6800000,0x00000002b6900000] [id=3640]
  0x000001ed9a0c3800 WatcherThread [stack: 0x00000002b7200000,0x00000002b7300000] [id=2836]

VM state:not at safepoint (normal execution)

VM Mutex/Monitor currently owned by a thread: None

heap address: 0x0000000080000000, size: 2048 MB, Compressed Oops mode: 32-bit
Narrow klass base: 0x0000000000000000, Narrow klass shift: 3
Compressed class space size: 1073741824 Address: 0x0000000100000000

Heap:
 PSYoungGen      total 134144K, used 79559K [0x00000000d5580000, 0x00000000e0400000, 0x0000000100000000)
  eden space 126464K, 56% used [0x00000000d5580000,0x00000000d9bb1f60,0x00000000dd100000)
  from space 7680K, 100% used [0x00000000dd100000,0x00000000dd880000,0x00000000dd880000)
  to   space 8704K, 0% used [0x00000000dfb80000,0x00000000dfb80000,0x00000000e0400000)
 ParOldGen       total 36864K, used 9152K [0x0000000080000000, 0x0000000082400000, 0x00000000d5580000)
  object space 36864K, 24% used [0x0000000080000000,0x00000000808f0188,0x0000000082400000)
 Metaspace       used 30434K, capacity 31235K, committed 31616K, reserved 1077248K
  class space    used 3607K, capacity 3851K, committed 3968K, reserved 1048576K

Card table byte_map: [0x000001ed92900000,0x000001ed92d10000] byte_map_base: 0x000001ed92500000

Marking Bits: (ParMarkBitMap*) 0x00000000773c5390
 Begin Bits: [0x000001ed92fc0000, 0x000001ed94fc0000)
 End Bits:   [0x000001ed94fc0000, 0x000001ed96fc0000)

Polling page: 0x000001ed81cb0000

CodeCache: size=245760Kb used=11664Kb max_used=11671Kb free=234095Kb
 bounds [0x000001ed83540000, 0x000001ed840b0000, 0x000001ed92540000]
 total_blobs=3552 nmethods=2852 adapters=610
 compilation: enabled

Compilation events (10 events):
Event: 7.879 Thread 0x000001ed9a0bb800 2858       3       java.util.regex.Matcher::end (22 bytes)
Event: 7.879 Thread 0x000001ed9a0bb800 nmethod 2858 0x000001ed8409d650 code [0x000001ed8409d7c0, 0x000001ed8409da30]
Event: 7.879 Thread 0x000001ed9a0bb800 2855       3       java.util.regex.Pattern$CharProperty::<init> (5 bytes)
Event: 7.880 Thread 0x000001ed9a0bb800 nmethod 2855 0x000001ed8409af90 code [0x000001ed8409b100, 0x000001ed8409b398]
Event: 7.880 Thread 0x000001ed9a0bb800 2856       3       java.util.regex.Pattern$CharProperty::<init> (5 bytes)
Event: 7.880 Thread 0x000001ed9a0bb800 nmethod 2856 0x000001ed8409ab10 code [0x000001ed8409ac80, 0x000001ed8409aeb8]
Event: 7.893 Thread 0x000001ed9a0bb800 2859       3       java.util.Collections$UnmodifiableCollection::<init> (22 bytes)
Event: 7.894 Thread 0x000001ed9a0bb800 nmethod 2859 0x000001ed840a06d0 code [0x000001ed840a0840, 0x000001ed840a0b10]
Event: 7.913 Thread 0x000001ed9a0b9000 2861   !   4       java.net.URLClassLoader$1::run (81 bytes)
Event: 7.913 Thread 0x000001ed9a0b9800 2860       4       java.net.URLClassLoader$1::run (5 bytes)

GC Heap History (10 events):
Event: 2.869 GC heap before
{Heap before GC invocations=6 (full 0):
 PSYoungGen      total 66048K, used 66032K [0x00000000d5580000, 0x00000000ddf80000, 0x0000000100000000)
  eden space 63488K, 100% used [0x00000000d5580000,0x00000000d9380000,0x00000000d9380000)
  from space 2560K, 99% used [0x00000000d9380000,0x00000000d95fc030,0x00000000d9600000)
  to   space 7168K, 0% used [0x00000000dd880000,0x00000000dd880000,0x00000000ddf80000)
 ParOldGen       total 42496K, used 8473K [0x0000000080000000, 0x0000000082980000, 0x00000000d5580000)
  object space 42496K, 19% used [0x0000000080000000,0x0000000080846788,0x0000000082980000)
 Metaspace       used 19898K, capacity 20140K, committed 20608K, reserved 1067008K
  class space    used 2206K, capacity 2307K, committed 2432K, reserved 1048576K
Event: 2.879 GC heap after
Heap after GC invocations=6 (full 0):
 PSYoungGen      total 133120K, used 6825K [0x00000000d5580000, 0x00000000de180000, 0x0000000100000000)
  eden space 125952K, 0% used [0x00000000d5580000,0x00000000d5580000,0x00000000dd080000)
  from space 7168K, 95% used [0x00000000dd880000,0x00000000ddf2a4b8,0x00000000ddf80000)
  to   space 8192K, 0% used [0x00000000dd080000,0x00000000dd080000,0x00000000dd880000)
 ParOldGen       total 42496K, used 8481K [0x0000000080000000, 0x0000000082980000, 0x00000000d5580000)
  object space 42496K, 19% used [0x0000000080000000,0x0000000080848788,0x0000000082980000)
 Metaspace       used 19898K, capacity 20140K, committed 20608K, reserved 1067008K
  class space    used 2206K, capacity 2307K, committed 2432K, reserved 1048576K
}
Event: 3.177 GC heap before
{Heap before GC invocations=7 (full 0):
 PSYoungGen      total 133120K, used 42143K [0x00000000d5580000, 0x00000000de180000, 0x0000000100000000)
  eden space 125952K, 28% used [0x00000000d5580000,0x00000000d77fd840,0x00000000dd080000)
  from space 7168K, 95% used [0x00000000dd880000,0x00000000ddf2a4b8,0x00000000ddf80000)
  to   space 8192K, 0% used [0x00000000dd080000,0x00000000dd080000,0x00000000dd880000)
 ParOldGen       total 42496K, used 8481K [0x0000000080000000, 0x0000000082980000, 0x00000000d5580000)
  object space 42496K, 19% used [0x0000000080000000,0x0000000080848788,0x0000000082980000)
 Metaspace       used 20737K, capacity 21033K, committed 21296K, reserved 1069056K
  class space    used 2301K, capacity 2432K, committed 2432K, reserved 1048576K
Event: 3.183 GC heap after
Heap after GC invocations=7 (full 0):
 PSYoungGen      total 134144K, used 4600K [0x00000000d5580000, 0x00000000de180000, 0x0000000100000000)
  eden space 125952K, 0% used [0x00000000d5580000,0x00000000d5580000,0x00000000dd080000)
  from space 8192K, 56% used [0x00000000dd080000,0x00000000dd4fe2f8,0x00000000dd880000)
  to   space 7168K, 0% used [0x00000000dd880000,0x00000000dd880000,0x00000000ddf80000)
 ParOldGen       total 42496K, used 9493K [0x0000000080000000, 0x0000000082980000, 0x00000000d5580000)
  object space 42496K, 22% used [0x0000000080000000,0x00000000809454c8,0x0000000082980000)
 Metaspace       used 20737K, capacity 21033K, committed 21296K, reserved 1069056K
  class space    used 2301K, capacity 2432K, committed 2432K, reserved 1048576K
}
Event: 3.183 GC heap before
{Heap before GC invocations=8 (full 1):
 PSYoungGen      total 134144K, used 4600K [0x00000000d5580000, 0x00000000de180000, 0x0000000100000000)
  eden space 125952K, 0% used [0x00000000d5580000,0x00000000d5580000,0x00000000dd080000)
  from space 8192K, 56% used [0x00000000dd080000,0x00000000dd4fe2f8,0x00000000dd880000)
  to   space 7168K, 0% used [0x00000000dd880000,0x00000000dd880000,0x00000000ddf80000)
 ParOldGen       total 42496K, used 9493K [0x0000000080000000, 0x0000000082980000, 0x00000000d5580000)
  object space 42496K, 22% used [0x0000000080000000,0x00000000809454c8,0x0000000082980000)
 Metaspace       used 20737K, capacity 21033K, committed 21296K, reserved 1069056K
  class space    used 2301K, capacity 2432K, committed 2432K, reserved 1048576K
Event: 3.225 GC heap after
Heap after GC invocations=8 (full 1):
 PSYoungGen      total 134144K, used 0K [0x00000000d5580000, 0x00000000de180000, 0x0000000100000000)
  eden space 125952K, 0% used [0x00000000d5580000,0x00000000d5580000,0x00000000dd080000)
  from space 8192K, 0% used [0x00000000dd080000,0x00000000dd080000,0x00000000dd880000)
  to   space 7168K, 0% used [0x00000000dd880000,0x00000000dd880000,0x00000000ddf80000)
 ParOldGen       total 36864K, used 8724K [0x0000000080000000, 0x0000000082400000, 0x00000000d5580000)
  object space 36864K, 23% used [0x0000000080000000,0x0000000080885398,0x0000000082400000)
 Metaspace       used 20737K, capacity 21033K, committed 21296K, reserved 1069056K
  class space    used 2301K, capacity 2432K, committed 2432K, reserved 1048576K
}
Event: 3.808 GC heap before
{Heap before GC invocations=9 (full 1):
 PSYoungGen      total 134144K, used 125952K [0x00000000d5580000, 0x00000000de180000, 0x0000000100000000)
  eden space 125952K, 100% used [0x00000000d5580000,0x00000000dd080000,0x00000000dd080000)
  from space 8192K, 0% used [0x00000000dd080000,0x00000000dd080000,0x00000000dd880000)
  to   space 7168K, 0% used [0x00000000dd880000,0x00000000dd880000,0x00000000ddf80000)
 ParOldGen       total 36864K, used 8724K [0x0000000080000000, 0x0000000082400000, 0x00000000d5580000)
  object space 36864K, 23% used [0x0000000080000000,0x0000000080885398,0x0000000082400000)
 Metaspace       used 22893K, capacity 23235K, committed 23424K, reserved 1071104K
  class space    used 2515K, capacity 2651K, committed 2688K, reserved 1048576K
Event: 3.811 GC heap after
Heap after GC invocations=9 (full 1):
 PSYoungGen      total 133632K, used 3236K [0x00000000d5580000, 0x00000000e1780000, 0x0000000100000000)
  eden space 126464K, 0% used [0x00000000d5580000,0x00000000d5580000,0x00000000dd100000)
  from space 7168K, 45% used [0x00000000dd880000,0x00000000ddba9070,0x00000000ddf80000)
  to   space 7680K, 0% used [0x00000000dd100000,0x00000000dd100000,0x00000000dd880000)
 ParOldGen       total 36864K, used 8732K [0x0000000080000000, 0x0000000082400000, 0x00000000d5580000)
  object space 36864K, 23% used [0x0000000080000000,0x0000000080887398,0x0000000082400000)
 Metaspace       used 22893K, capacity 23235K, committed 23424K, reserved 1071104K
  class space    used 2515K, capacity 2651K, committed 2688K, reserved 1048576K
}
Event: 4.435 GC heap before
{Heap before GC invocations=10 (full 1):
 PSYoungGen      total 133632K, used 129700K [0x00000000d5580000, 0x00000000e1780000, 0x0000000100000000)
  eden space 126464K, 100% used [0x00000000d5580000,0x00000000dd100000,0x00000000dd100000)
  from space 7168K, 45% used [0x00000000dd880000,0x00000000ddba9070,0x00000000ddf80000)
  to   space 7680K, 0% used [0x00000000dd100000,0x00000000dd100000,0x00000000dd880000)
 ParOldGen       total 36864K, used 8732K [0x0000000080000000, 0x0000000082400000, 0x00000000d5580000)
  object space 36864K, 23% used [0x0000000080000000,0x0000000080887398,0x0000000082400000)
 Metaspace       used 24806K, capacity 25185K, committed 25600K, reserved 1071104K
  class space    used 2818K, capacity 2960K, committed 3072K, reserved 1048576K
Event: 4.441 GC heap after
Heap after GC invocations=10 (full 1):
 PSYoungGen      total 134144K, used 7680K [0x00000000d5580000, 0x00000000e0400000, 0x0000000100000000)
  eden space 126464K, 0% used [0x00000000d5580000,0x00000000d5580000,0x00000000dd100000)
  from space 7680K, 100% used [0x00000000dd100000,0x00000000dd880000,0x00000000dd880000)
  to   space 8704K, 0% used [0x00000000dfb80000,0x00000000dfb80000,0x00000000e0400000)
 ParOldGen       total 36864K, used 9152K [0x0000000080000000, 0x0000000082400000, 0x00000000d5580000)
  object space 36864K, 24% used [0x0000000080000000,0x00000000808f0188,0x0000000082400000)
 Metaspace       used 24806K, capacity 25185K, committed 25600K, reserved 1071104K
  class space    used 2818K, capacity 2960K, committed 3072K, reserved 1048576K
}

Deoptimization events (10 events):
Event: 7.787 Thread 0x000001ed81b02800 Uncommon trap: reason=bimorphic action=maybe_recompile pc=0x000001ed83ec0c98 method=java.util.regex.Matcher.search(I)Z @ 86
Event: 7.787 Thread 0x000001ed81b02800 Uncommon trap: reason=bimorphic action=maybe_recompile pc=0x000001ed83ec0c98 method=java.util.regex.Matcher.search(I)Z @ 86
Event: 7.787 Thread 0x000001ed81b02800 Uncommon trap: reason=unstable_if action=reinterpret pc=0x000001ed8402de50 method=java.util.regex.Pattern$CharProperty.match(Ljava/util/regex/Matcher;ILjava/lang/CharSequence;)Z @ 21
Event: 7.863 Thread 0x000001ed81b02800 Uncommon trap: reason=unstable_if action=reinterpret pc=0x000001ed83f11098 method=java.util.regex.Pattern$BmpCharProperty.match(Ljava/util/regex/Matcher;ILjava/lang/CharSequence;)Z @ 34
Event: 7.868 Thread 0x000001ed81b02800 Uncommon trap: reason=class_check action=maybe_recompile pc=0x000001ed83ffabd8 method=java.io.DataInputStream.readChar()C @ 4
Event: 7.868 Thread 0x000001ed81b02800 Uncommon trap: reason=class_check action=maybe_recompile pc=0x000001ed83ffabd8 method=java.io.DataInputStream.readChar()C @ 4
Event: 7.868 Thread 0x000001ed81b02800 Uncommon trap: reason=class_check action=maybe_recompile pc=0x000001ed83ffabd8 method=java.io.DataInputStream.readChar()C @ 4
Event: 7.868 Thread 0x000001ed81b02800 Uncommon trap: reason=class_check action=maybe_recompile pc=0x000001ed83ffabd8 method=java.io.DataInputStream.readChar()C @ 4
Event: 7.898 Thread 0x000001ed81b02800 Uncommon trap: reason=class_check action=maybe_recompile pc=0x000001ed83ef7e0c method=java.util.HashSet.contains(Ljava/lang/Object;)Z @ 5
Event: 7.898 Thread 0x000001ed81b02800 Uncommon trap: reason=class_check action=maybe_recompile pc=0x000001ed83ef7e0c method=java.util.HashSet.contains(Ljava/lang/Object;)Z @ 5

Classes redefined (0 events):
No events

Internal exceptions (10 events):
Event: 4.442 Thread 0x000001ed81b02800 Exception <a 'java/lang/ClassNotFoundException': com/kms/katalon/core/logging/KeywordLoggerCustomizer> (0x00000000d558ec08) thrown at [C:\jenkins\workspace\zulu-platform-build\zulu-src.git\hotspot\src\share\vm\classfile\systemDictionary.cpp, line 220]
Event: 4.455 Thread 0x000001ed81b02800 Exception <a 'java/lang/ClassNotFoundException': com/kms/katalon/core/webui/keyword/builtin/InternalSmartWaitGroovyWrapperBeanInfo> (0x00000000d5853590) thrown at [C:\jenkins\workspace\zulu-platform-build\zulu-src.git\hotspot\src\share\vm\classfile\system
Event: 4.459 Thread 0x000001ed81b02800 Exception <a 'java/lang/ClassNotFoundException': com/kms/katalon/core/webui/keyword/builtin/InternalSmartWaitGroovyWrapperCustomizer> (0x00000000d595ca00) thrown at [C:\jenkins\workspace\zulu-platform-build\zulu-src.git\hotspot\src\share\vm\classfile\syst
Event: 5.158 Thread 0x000001ed9e120800 Exception <a 'java/net/SocketTimeoutException': connect timed out> (0x00000000d659ddf8) thrown at [C:\jenkins\workspace\zulu-platform-build\zulu-src.git\hotspot\src\share\vm\prims\jni.cpp, line 736]
Event: 5.684 Thread 0x000001ed9e120800 Exception <a 'java/net/SocketTimeoutException': connect timed out> (0x00000000d659f2f0) thrown at [C:\jenkins\workspace\zulu-platform-build\zulu-src.git\hotspot\src\share\vm\prims\jni.cpp, line 736]
Event: 6.228 Thread 0x000001ed9e120800 Exception <a 'java/net/SocketTimeoutException': connect timed out> (0x00000000d65a07e8) thrown at [C:\jenkins\workspace\zulu-platform-build\zulu-src.git\hotspot\src\share\vm\prims\jni.cpp, line 736]
Event: 6.787 Thread 0x000001ed9e120800 Exception <a 'java/net/SocketTimeoutException': connect timed out> (0x00000000d65a1ce0) thrown at [C:\jenkins\workspace\zulu-platform-build\zulu-src.git\hotspot\src\share\vm\prims\jni.cpp, line 736]
Event: 7.581 Thread 0x000001ed81b02800 Exception <a 'java/lang/IncompatibleClassChangeError': Found class java.lang.Object, but interface was expected> (0x00000000d7ec4548) thrown at [C:\jenkins\workspace\zulu-platform-build\zulu-src.git\hotspot\src\share\vm\interpreter\linkResolver.cpp, line 
Event: 7.588 Thread 0x000001ed81b02800 Exception <a 'java/lang/NoSuchMethodError': java.lang.Object.lambda$or$2(Ljava/util/function/Predicate;Ljava/lang/Object;)Z> (0x00000000d7ee1590) thrown at [C:\jenkins\workspace\zulu-platform-build\zulu-src.git\hotspot\src\share\vm\interpreter\linkResolve
Event: 7.662 Thread 0x000001ed81b02800 Exception <a 'java/lang/NoSuchMethodError': java.lang.Object.lambda$chars$0()Ljava/util/Spliterator$OfInt;> (0x00000000d829b5e0) thrown at [C:\jenkins\workspace\zulu-platform-build\zulu-src.git\hotspot\src\share\vm\interpreter\linkResolver.cpp, line 620]

Events (10 events):
Event: 7.898 Thread 0x000001ed81b02800 DEOPT UNPACKING pc=0x000001ed83585683 sp=0x00000002b5ffccf0 mode 2
Event: 7.898 Thread 0x000001ed81b02800 Uncommon trap: trap_request=0xffffffde fr.pc=0x000001ed83ef7e0c
Event: 7.898 Thread 0x000001ed81b02800 DEOPT PACKING pc=0x000001ed83ef7e0c sp=0x00000002b5ffcd40
Event: 7.898 Thread 0x000001ed81b02800 DEOPT UNPACKING pc=0x000001ed83585683 sp=0x00000002b5ffccf0 mode 2
Event: 7.901 loading class java/net/UnknownServiceException
Event: 7.901 loading class java/net/UnknownServiceException done
Event: 7.911 Thread 0x000001ed9c82c000 Thread added: 0x000001ed9c82c000
Event: 7.911 Executing VM operation: RevokeBias
Event: 7.911 Executing VM operation: RevokeBias done
Event: 7.916 Thread 0x000001ed9b431000 Thread added: 0x000001ed9b431000


Dynamic libraries:
0x00007ff706f50000 - 0x00007ff706fa1000 	C:\Users\USER\.katalon\packages\Katalon_Studio_Windows_64-8.6.5\Katalon_Studio_Windows_64-8.6.5\jre\bin\javaw.exe
0x00007ffe494d0000 - 0x00007ffe496c8000 	C:\Windows\SYSTEM32\ntdll.dll
0x00007ffe47530000 - 0x00007ffe475ed000 	C:\Windows\System32\KERNEL32.DLL
0x00007ffe47220000 - 0x00007ffe47516000 	C:\Windows\System32\KERNELBASE.dll
0x00007ffe48830000 - 0x00007ffe488e3000 	C:\Windows\System32\ADVAPI32.dll
0x00007ffe47b90000 - 0x00007ffe47c2e000 	C:\Windows\System32\msvcrt.dll
0x00007ffe482d0000 - 0x00007ffe4836f000 	C:\Windows\System32\sechost.dll
0x00007ffe47c60000 - 0x00007ffe47d86000 	C:\Windows\System32\RPCRT4.dll
0x00007ffe47170000 - 0x00007ffe47197000 	C:\Windows\System32\bcrypt.dll
0x00007ffe48b10000 - 0x00007ffe48cae000 	C:\Windows\System32\USER32.dll
0x00007ffe471a0000 - 0x00007ffe471c2000 	C:\Windows\System32\win32u.dll
0x00007ffe485f0000 - 0x00007ffe4861c000 	C:\Windows\System32\GDI32.dll
0x00007ffe46eb0000 - 0x00007ffe46fca000 	C:\Windows\System32\gdi32full.dll
0x00007ffe470d0000 - 0x00007ffe4716d000 	C:\Windows\System32\msvcp_win.dll
0x00007ffe46fd0000 - 0x00007ffe470d0000 	C:\Windows\System32\ucrtbase.dll
0x00007ffe255c0000 - 0x00007ffe2585a000 	C:\Windows\WinSxS\amd64_microsoft.windows.common-controls_6595b64144ccf1df_6.0.19041.3636_none_60b6a03d71f818d5\COMCTL32.dll
0x00007ffe47c30000 - 0x00007ffe47c60000 	C:\Windows\System32\IMM32.DLL
0x0000000076bd0000 - 0x0000000077440000 	C:\Users\USER\.katalon\packages\Katalon_Studio_Windows_64-8.6.5\Katalon_Studio_Windows_64-8.6.5\jre\bin\server\jvm.dll
0x00007ffe48370000 - 0x00007ffe48378000 	C:\Windows\System32\PSAPI.DLL
0x00007ffe2af90000 - 0x00007ffe2afb7000 	C:\Windows\SYSTEM32\WINMM.dll
0x00007ffe3f8c0000 - 0x00007ffe3f8ca000 	C:\Windows\SYSTEM32\VERSION.dll
0x00007ffe2b340000 - 0x00007ffe2b349000 	C:\Windows\SYSTEM32\WSOCK32.dll
0x00007ffe488f0000 - 0x00007ffe4895b000 	C:\Windows\System32\WS2_32.dll
0x00007ffe2eeb0000 - 0x00007ffe2eec9000 	C:\Windows\SYSTEM32\VCRUNTIME140.dll
0x00007ffe453d0000 - 0x00007ffe453e2000 	C:\Windows\SYSTEM32\kernel.appcore.dll
0x00007ffe44000000 - 0x00007ffe44010000 	C:\Users\USER\.katalon\packages\Katalon_Studio_Windows_64-8.6.5\Katalon_Studio_Windows_64-8.6.5\jre\bin\verify.dll
0x00007ffe300c0000 - 0x00007ffe300eb000 	C:\Users\USER\.katalon\packages\Katalon_Studio_Windows_64-8.6.5\Katalon_Studio_Windows_64-8.6.5\jre\bin\java.dll
0x00007ffe30310000 - 0x00007ffe30328000 	C:\Users\USER\.katalon\packages\Katalon_Studio_Windows_64-8.6.5\Katalon_Studio_Windows_64-8.6.5\jre\bin\zip.dll
0x00007ffe48cb0000 - 0x00007ffe493f5000 	C:\Windows\System32\SHELL32.dll
0x00007ffe44c30000 - 0x00007ffe453cb000 	C:\Windows\SYSTEM32\windows.storage.dll
0x00007ffe475f0000 - 0x00007ffe47944000 	C:\Windows\System32\combase.dll
0x00007ffe465d0000 - 0x00007ffe465fd000 	C:\Windows\SYSTEM32\Wldp.dll
0x00007ffe47950000 - 0x00007ffe479fd000 	C:\Windows\System32\SHCORE.dll
0x00007ffe489e0000 - 0x00007ffe48a35000 	C:\Windows\System32\shlwapi.dll
0x00007ffe46ad0000 - 0x00007ffe46af5000 	C:\Windows\SYSTEM32\profapi.dll
0x00007ffe300a0000 - 0x00007ffe300bc000 	C:\Users\USER\.katalon\packages\Katalon_Studio_Windows_64-8.6.5\Katalon_Studio_Windows_64-8.6.5\jre\bin\net.dll
0x00007ffe46330000 - 0x00007ffe4639a000 	C:\Windows\system32\mswsock.dll
0x00007ffe30080000 - 0x00007ffe30093000 	C:\Users\USER\.katalon\packages\Katalon_Studio_Windows_64-8.6.5\Katalon_Studio_Windows_64-8.6.5\jre\bin\nio.dll
0x00007ffe46010000 - 0x00007ffe460da000 	C:\Windows\SYSTEM32\DNSAPI.dll
0x00007ffe45fd0000 - 0x00007ffe4600b000 	C:\Windows\SYSTEM32\IPHLPAPI.DLL
0x00007ffe47520000 - 0x00007ffe47528000 	C:\Windows\System32\NSI.dll
0x00007ffe37a00000 - 0x00007ffe37a0a000 	C:\Windows\System32\rasadhlp.dll
0x00007ffe31750000 - 0x00007ffe317d0000 	C:\Windows\System32\fwpuclnt.dll
0x00007ffe2fc60000 - 0x00007ffe2fc84000 	C:\Users\USER\.katalon\packages\Katalon_Studio_Windows_64-8.6.5\Katalon_Studio_Windows_64-8.6.5\jre\bin\sunec.dll
0x00007ffe3ba40000 - 0x00007ffe3ba4d000 	C:\Users\USER\.katalon\packages\Katalon_Studio_Windows_64-8.6.5\Katalon_Studio_Windows_64-8.6.5\jre\bin\sunmscapi.dll
0x00007ffe46ce0000 - 0x00007ffe46e3d000 	C:\Windows\System32\CRYPT32.dll
0x00007ffe46640000 - 0x00007ffe46668000 	C:\Windows\SYSTEM32\ncrypt.dll
0x00007ffe46600000 - 0x00007ffe4663b000 	C:\Windows\SYSTEM32\NTASN1.dll
0x00007ffe46530000 - 0x00007ffe46548000 	C:\Windows\SYSTEM32\CRYPTSP.dll
0x00007ffe45bf0000 - 0x00007ffe45c24000 	C:\Windows\system32\rsaenh.dll
0x00007ffe46a50000 - 0x00007ffe46a7e000 	C:\Windows\SYSTEM32\USERENV.dll
0x00007ffe46c50000 - 0x00007ffe46cd2000 	C:\Windows\System32\bcryptprimitives.dll
0x00007ffe46520000 - 0x00007ffe4652c000 	C:\Windows\SYSTEM32\CRYPTBASE.dll
0x00007ffe3f370000 - 0x00007ffe3f387000 	C:\Windows\SYSTEM32\dhcpcsvc6.DLL
0x00007ffe3f860000 - 0x00007ffe3f87d000 	C:\Windows\SYSTEM32\dhcpcsvc.DLL

VM Arguments:
jvm_args: -Dgroovy.home=C:\Users\USER/.groovy -Djava.system.class.loader=groovy.lang.GroovyClassLoader -Xmx2048m -Dfile.encoding=UTF-8 
java_command: org.codehaus.groovy.tools.GroovyStarter --classpath F:\bootcamp\DEMO-QA\Alerts Frame and Windows\bin\keyword;F:\bootcamp\DEMO-QA\Alerts Frame and Windows\Keywords;F:\bootcamp\DEMO-QA\Alerts Frame and Windows\bin\listener;F:\bootcamp\DEMO-QA\Alerts Frame and Windows\Test Listeners;F:\bootcamp\DEMO-QA\Alerts Frame and Windows\bin\lib;F:\bootcamp\DEMO-QA\Alerts Frame and Windows\Libs;F:\bootcamp\DEMO-QA\Alerts Frame and Windows\bin\groovy;F:\bootcamp\DEMO-QA\Alerts Frame and Windows\Include\scripts\groovy;C:\Users\USER\.katalon\packages\Katalon_Studio_Windows_64-8.6.5\Katalon_Studio_Windows_64-8.6.5\plugins\com.kms.katalon.core_1.0.0.202305240718.jar;C:\Users\USER\.katalon\packages\Katalon_Studio_Windows_64-8.6.5\Katalon_Studio_Windows_64-8.6.5\configuration\resources\lib\aalto-xml-1.0.0.jar;C:\Users\USER\.katalon\packages\Katalon_Studio_Windows_64-8.6.5\Katalon_Studio_Windows_64-8.6.5\configuration\resources\lib\aspectjweaver-1.9.1.jar;C:\Users\USER\.katalon\packages\Katalon_Studio_Windows_64-8.6.5\Katalon_Studio_Windows_64-8.6.5\configuration\resources\lib\bcpkix-jdk15on-1.64.jar;C:\Users\USER\.katalon\packages\Katalon_Studio_Windows_64-8.6.5\Katalon_Studio_Windows_64-8.6.5\configuration\resources\lib\bcprov-jdk15on-1.64.jar;C:\Users\USER\.katalon\packages\Katalon_Studio_Windows_64-8.6.5\Katalon_Studio_Windows_64-8.6.5\configuration\resources\lib\browsermob-core-2.1.5.jar;C:\Users\USER\.katalon\packages\Katalon_Studio_Windows_64-8.6.5\Katalon_Studio_Windows_64-8.6.5\configuration\resources\lib\cglib-3.2.10.jar;C:\Users\USER\.katalon\packages\Katalon_Studio_Windows_64-8.6.5\Katalon_Studio_Windows_64-8.6.5\configuration\resources\lib\commons-codec-1.10.jar;C:\Users\USER\.katalon\packages\Katalon_Studio_Windows_64-8.6.5\Katalon_Studio_Windows_64-8.6.5\configuration\resources\lib\commons-collections4-4.1.jar;C:\Users\USER\.katalon\packages\Katalon_Studio_Windows_64-8.6.5\Katalon_Studio_Windows_64-8.6.5\configuration\resources\lib\commons-validator-1.6.jar
java_class_path (initial): F:\bootcamp\DEMO-QA\Alerts Frame and Windows\bin\keyword;F:\bootcamp\DEMO-QA\Alerts Frame and Windows\bin\listener;F:\bootcamp\DEMO-QA\Alerts Frame and Windows\bin\lib;F:\bootcamp\DEMO-QA\Alerts Frame and Windows\bin\groovy;F:\bootcamp\DEMO-QA\Alerts Frame and Windows\bin;C:\Users\USER\.katalon\packages\Katalon_Studio_Windows_64-8.6.5\Katalon_Studio_Windows_64-8.6.5\plugins\com.kms.katalon.core_1.0.0.202305240718.jar;C:\Users\USER\.katalon\packages\Katalon_Studio_Windows_64-8.6.5\Katalon_Studio_Windows_64-8.6.5\configuration\resources\lib\aalto-xml-1.0.0.jar;C:\Users\USER\.katalon\packages\Katalon_Studio_Windows_64-8.6.5\Katalon_Studio_Windows_64-8.6.5\configuration\resources\lib\aspectjweaver-1.9.1.jar;C:\Users\USER\.katalon\packages\Katalon_Studio_Windows_64-8.6.5\Katalon_Studio_Windows_64-8.6.5\configuration\resources\lib\bcpkix-jdk15on-1.64.jar;C:\Users\USER\.katalon\packages\Katalon_Studio_Windows_64-8.6.5\Katalon_Studio_Windows_64-8.6.5\configuration\resources\lib\bcprov-jdk15on-1.64.jar;C:\Users\USER\.katalon\packages\Katalon_Studio_Windows_64-8.6.5\Katalon_Studio_Windows_64-8.6.5\configuration\resources\lib\browsermob-core-2.1.5.jar;C:\Users\USER\.katalon\packages\Katalon_Studio_Windows_64-8.6.5\Katalon_Studio_Windows_64-8.6.5\configuration\resources\lib\cglib-3.2.10.jar;C:\Users\USER\.katalon\packages\Katalon_Studio_Windows_64-8.6.5\Katalon_Studio_Windows_64-8.6.5\configuration\resources\lib\commons-codec-1.10.jar;C:\Users\USER\.katalon\packages\Katalon_Studio_Windows_64-8.6.5\Katalon_Studio_Windows_64-8.6.5\configuration\resources\lib\commons-collections4-4.1.jar;C:\Users\USER\.katalon\packages\Katalon_Studio_Windows_64-8.6.5\Katalon_Studio_Windows_64-8.6.5\configuration\resources\lib\commons-validator-1.6.jar;C:\Users\USER\.katalon\packages\Katalon_Studio_Windows_64-8.6.5\Katalon_Studio_Windows_64-8.6.5\configuration\resources\lib\curvesapi-1.04.jar;C:\Users\USER\.katalon\packages\Katalon_Studio_Windows_64-8.6.5\Katalon_Studio
Launcher Type: SUN_STANDARD

Environment Variables:
JAVA_HOME=C:\Program Files\Java\jdk-17
PATH=C:/Users/USER/.katalon/packages/Katalon_Studio_Windows_64-8.6.5/Katalon_Studio_Windows_64-8.6.5/jre/bin/server;C:/Users/USER/.katalon/packages/Katalon_Studio_Windows_64-8.6.5/Katalon_Studio_Windows_64-8.6.5/jre/bin;C:/Users/USER/.katalon/packages/Katalon_Studio_Windows_64-8.6.5/Katalon_Studio_Windows_64-8.6.5/jre/lib/amd64;C:\Program Files\Java\jdk-17\bin;C:\Windows\system32;C:\Windows;C:\Windows\System32\Wbem;C:\Windows\System32\WindowsPowerShell\v1.0\;C:\Windows\System32\OpenSSH\;C:\Program Files (x86)\NVIDIA Corporation\PhysX\Common;C:\Program Files\NVIDIA Corporation\NVIDIA NvDLISR;C:\Program Files\Git\cmd;C:\Program Files\nodejs\;C:\Users\USER\AppData\Local\Programs\Python\Python312\Scripts\;C:\Users\USER\AppData\Local\Programs\Python\Python312\;C:\Program Files\MySQL\MySQL Shell 8.0\bin\;C:\Users\USER\AppData\Local\Microsoft\WindowsApps;C:\Users\USER\AppData\Local\Programs\Microsoft VS Code\bin;C:\Program Files\JetBrains\IntelliJ IDEA Community Edition 2023.1.3\bin;;C:\Users\USER\AppData\Local\GitHubDesktop\bin;C:\Users\USER\AppData\Roaming\npm;C:\Users\USER\.katalon\packages\Katalon_Studio_Windows_64-8.6.5\Katalon_Studio_Windows_64-8.6.5;
USERNAME=USER
OS=Windows_NT
PROCESSOR_IDENTIFIER=Intel64 Family 6 Model 142 Stepping 12, GenuineIntel



---------------  S Y S T E M  ---------------

OS: Windows 10 , 64 bit Build 19041 (10.0.19041.3636)

CPU:total 8 (initial active 8) (4 cores per cpu, 2 threads per core) family 6 model 142 stepping 12, cmov, cx8, fxsr, mmx, sse, sse2, sse3, ssse3, sse4.1, sse4.2, popcnt, avx, avx2, aes, clmul, erms, 3dnowpref, lzcnt, ht, tsc, tscinvbit, bmi1, bmi2, adx

Memory: 4k page, physical 3985972k(51000k free), swap 16044596k(18360k free)

vm_info: OpenJDK 64-Bit Server VM (25.362-b09) for windows-amd64 JRE (Zulu 8.68.0.21-CA-win64) (1.8.0_362-b09), built on Jan 19 2023 16:49:02 by "tester" with MS VC++ 15.9 (VS2017)

time: Mon Feb 12 13:19:12 2024
timezone: SE Asia Standard Time
elapsed time: 8.223143 seconds (0d 0h 0m 8s)

